-----------------------------------------------------------------
Tue Jan 31 16:15:01 COT 2017:Espacio:Auditorio central:Evento:EventoX.
-----------------------------------------------------------------
-----------------------------------------------------------------
Tue Jan 31 16:48:19 COT 2017:Espacio:Super auditorio:Evento:Presentación.
-----------------------------------------------------------------
-----------------------------------------------------------------
Tue Jan 31 16:48:19 COT 2017:Espacio:Super auditorio:Evento:Clase Apo.
-----------------------------------------------------------------
-----------------------------------------------------------------
Tue Jan 31 19:44:19 COT 2017:Espacio:Auditorio A:Evento:Evento.
-----------------------------------------------------------------
-----------------------------------------------------------------
Tue Jan 31 19:44:51 COT 2017:Espacio:Auditorio A:Evento:Evento.
-----------------------------------------------------------------
-----------------------------------------------------------------
Tue Jan 31 19:45:52 COT 2017:Espacio:Auditorio A:Evento:Evento.
-----------------------------------------------------------------
-----------------------------------------------------------------
Tue Jan 31 19:46:14 COT 2017:Espacio:Auditorio A:Evento:Evento.
-----------------------------------------------------------------
-----------------------------------------------------------------
Tue Jan 31 19:46:33 COT 2017:Espacio:Auditorio A:Evento:Evento.
-----------------------------------------------------------------
-----------------------------------------------------------------
Tue Jan 31 19:47:01 COT 2017:Espacio:Auditorio A:Evento:Evento.
-----------------------------------------------------------------
-----------------------------------------------------------------
Tue Jan 31 19:47:28 COT 2017:Espacio:Auditorio A:Evento:Evento.
-----------------------------------------------------------------
-----------------------------------------------------------------
Tue Jan 31 19:48:10 COT 2017:Espacio:Auditorio A:Evento:Evento.
-----------------------------------------------------------------
-----------------------------------------------------------------
Tue Jan 31 19:48:18 COT 2017:Espacio:Auditorio A:Evento:Evento.
-----------------------------------------------------------------
-----------------------------------------------------------------
Tue Jan 31 19:49:10 COT 2017:Espacio:Auditorio A:Evento:Evento.
-----------------------------------------------------------------
-----------------------------------------------------------------
Tue Jan 31 19:49:24 COT 2017:Espacio:Auditorio A:Evento:Evento.
-----------------------------------------------------------------
-----------------------------------------------------------------
Tue Jan 31 19:50:07 COT 2017:Espacio:Auditorio A:Evento:Evento.
-----------------------------------------------------------------
-----------------------------------------------------------------
Tue Jan 31 19:50:30 COT 2017:Espacio:Auditorio A:Evento:Evento.
-----------------------------------------------------------------
-----------------------------------------------------------------
Tue Jan 31 19:50:38 COT 2017:Espacio:Super auditorio:Evento:Presentación.
-----------------------------------------------------------------
-----------------------------------------------------------------
Tue Jan 31 19:50:38 COT 2017:Espacio:Super auditorio:Evento:Clase Apo.
-----------------------------------------------------------------
-----------------------------------------------------------------
Tue Jan 31 19:50:38 COT 2017:Espacio:Auditorio A:Evento:Evento.
-----------------------------------------------------------------
-----------------------------------------------------------------
Tue Jan 31 19:50:49 COT 2017:Espacio:Super auditorio:Evento:Presentación.
-----------------------------------------------------------------
-----------------------------------------------------------------
Tue Jan 31 19:50:49 COT 2017:Espacio:Super auditorio:Evento:Clase Apo.
-----------------------------------------------------------------
-----------------------------------------------------------------
Tue Jan 31 19:50:49 COT 2017:Espacio:Auditorio A:Evento:Evento.
-----------------------------------------------------------------
-----------------------------------------------------------------
Tue Feb 14 00:25:11 COT 2017:Espacio:Super auditorio:Evento:Presentación.
-----------------------------------------------------------------
-----------------------------------------------------------------
Tue Feb 14 00:25:11 COT 2017:Espacio:Super auditorio:Evento:Clase Apo.
-----------------------------------------------------------------
-----------------------------------------------------------------
Tue Feb 14 00:25:11 COT 2017:Espacio:Auditorio A:Evento:Evento.
-----------------------------------------------------------------
